Build started 6-12-2013 0:58:59.
     1>Project "C:\Users\Inge\Documents\Visual Studio 2012\Projects\Computer Vision\Assignment 2b\VoxelReconstruction.vcxproj" on node 2 (Build target(s)).
     1>ClCompile:
         C:\Program Files (x86)\Microsoft Visual Studio 11.0\VC\bin\CL.exe /c /Iinclude /IC:\opencv246\build\x86\vc11\include /IC:\opencv246\build\x86\vc11\..\..\include /Zi /nologo /W3 /WX- /Od /Oy- /D WIN32 /D _DEBUG /D _WINDOWS /Gm /EHsc /RTC1 /MDd /GS /fp:precise /Zc:wchar_t /Zc:forScope /Fo"Debug\\" /Fd"Debug\vc110.pdb" /Gd /TP /analyze- /errorReport:prompt src\VoxelReconstruction.cpp src\controllers\Camera.cpp src\controllers\Glut.cpp src\controllers\Reconstructor.cpp src\controllers\Scene3DRenderer.cpp src\controllers\arcball.cpp src\utilities\General.cpp
         General.cpp
         arcball.cpp
     1>src\controllers\arcball.cpp(50): warning C4244: 'argument' : conversion from 'double' to 'float', possible loss of data
     1>src\controllers\arcball.cpp(59): warning C4244: '=' : conversion from 'double' to 'GLfloat', possible loss of data
     1>src\controllers\arcball.cpp(86): warning C4244: 'argument' : conversion from 'GLint' to 'GLfloat', possible loss of data
     1>src\controllers\arcball.cpp(88): warning C4244: 'argument' : conversion from 'GLint' to 'GLfloat', possible loss of data
     1>src\controllers\arcball.cpp(180): warning C4244: 'initializing' : conversion from 'double' to 'float', possible loss of data
     1>src\controllers\arcball.cpp(200): warning C4244: 'initializing' : conversion from 'double' to 'GLfloat', possible loss of data
     1>src\controllers\arcball.cpp(251): warning C4244: 'initializing' : conversion from 'double' to 'GLfloat', possible loss of data
     1>src\controllers\arcball.cpp(278): warning C4244: 'initializing' : conversion from 'double' to 'GLfloat', possible loss of data
     1>src\controllers\arcball.cpp(279): warning C4244: 'initializing' : conversion from 'double' to 'GLfloat', possible loss of data
         Scene3DRenderer.cpp
         Reconstructor.cpp
         Glut.cpp
     1>src\controllers\Glut.cpp(838): warning C4244: 'initializing' : conversion from 'int' to 'const float', possible loss of data
     1>src\controllers\Glut.cpp(839): warning C4244: 'initializing' : conversion from 'int' to 'const float', possible loss of data
     1>src\controllers\Glut.cpp(840): warning C4244: 'initializing' : conversion from 'int' to 'const float', possible loss of data
         Camera.cpp
     1>src\controllers\Camera.cpp(79): warning C4244: '=' : conversion from 'double' to 'int', possible loss of data
     1>src\controllers\Camera.cpp(80): warning C4244: '=' : conversion from 'double' to 'int', possible loss of data
     1>src\controllers\Camera.cpp(85): warning C4244: '=' : conversion from 'double' to 'long', possible loss of data
     1>src\controllers\Camera.cpp(326): warning C4244: 'initializing' : conversion from 'const int' to 'float', possible loss of data
     1>src\controllers\Camera.cpp(327): warning C4244: 'initializing' : conversion from 'const int' to 'float', possible loss of data
     1>src\controllers\Camera.cpp(350): warning C4244: 'argument' : conversion from 'const int' to 'float', possible loss of data
     1>src\controllers\Camera.cpp(351): warning C4244: 'argument' : conversion from 'const int' to 'float', possible loss of data
     1>src\controllers\Camera.cpp(352): warning C4244: 'argument' : conversion from 'const int' to 'float', possible loss of data
         VoxelReconstruction.cpp
         Generating Code...
       Link:
         C:\Program Files (x86)\Microsoft Visual Studio 11.0\VC\bin\link.exe /ERRORREPORT:PROMPT /OUT:"C:\Users\Inge\Documents\Visual Studio 2012\Projects\Computer Vision\Assignment 2b\Debug\VoxelReconstruction.exe" /INCREMENTAL /NOLOGO /LIBPATH:lib /LIBPATH:C:\opencv246\build\x86\vc11\x86\vc11\lib /LIBPATH:C:\opencv246\build\x86\vc11\lib opencv_core246d.lib opencv_highgui246d.lib opencv_imgproc246d.lib opencv_calib3d246d.lib OpenGL32.lib Glu32.lib opencv_core246d.lib opencv_imgproc246d.lib opencv_highgui246d.lib opencv_ml246d.lib opencv_video246d.lib opencv_features2d246d.lib opencv_calib3d246d.lib opencv_objdetect246d.lib opencv_contrib246d.lib opencv_legacy246d.lib opencv_flann246d.lib gltools.lib freeglut_static.lib glut32.lib glu32.lib opengl32.lib kernel32.lib user32.lib gdi32.lib winspool.lib comdlg32.lib advapi32.lib shell32.lib ole32.lib oleaut32.lib uuid.lib odbc32.lib odbccp32.lib /MANIFEST /MANIFESTUAC:"level='asInvoker' uiAccess='false'" /manifest:embed /DEBUG /PDB:"C:\Users\Inge\Documents\Visual Studio 2012\Projects\Computer Vision\Assignment 2b\Debug\VoxelReconstruction.pdb" /SUBSYSTEM:CONSOLE /TLBID:1 /DYNAMICBASE /NXCOMPAT /IMPLIB:"C:\Users\Inge\Documents\Visual Studio 2012\Projects\Computer Vision\Assignment 2b\Debug\VoxelReconstruction.lib" /MACHINE:X86 Debug\arcball.obj
         Debug\Camera.obj
         Debug\Glut.obj
         Debug\Reconstructor.obj
         Debug\Scene3DRenderer.obj
         Debug\General.obj
         Debug\VoxelReconstruction.obj
         LINK : C:\Users\Inge\Documents\Visual Studio 2012\Projects\Computer Vision\Assignment 2b\Debug\VoxelReconstruction.exe not found or not built by the last incremental link; performing full link
         VoxelReconstruction.vcxproj -> C:\Users\Inge\Documents\Visual Studio 2012\Projects\Computer Vision\Assignment 2b\Debug\VoxelReconstruction.exe
     1>Done Building Project "C:\Users\Inge\Documents\Visual Studio 2012\Projects\Computer Vision\Assignment 2b\VoxelReconstruction.vcxproj" (Build target(s)).

Build succeeded.

Time Elapsed 00:00:14.96
